{"body":{"email":"kenny@test.com","password":"12345678","re-enterpassword":"12345679","yourName":"Kenny"},"level":"info","method":"POST","params":{"0":"/register"},"service":"pokemon-service","timestamp":"9/1/2023, 11:38:14 AM","url":"/register"}
{"body":{"email":"kenny@test.com","password":"SecretPassword","re-enterpassword":"SecretPassword","yourName":"Kenny"},"level":"info","method":"POST","params":{"0":"/register"},"service":"pokemon-service","timestamp":"9/1/2023, 11:39:37 AM","url":"/register"}
{"body":{"email":"Ian@test.com","password":"secretpassword","re-enterpassword":"secretpassword","yourName":"Ian"},"level":"info","method":"POST","params":{"0":"/register"},"service":"user-service","timestamp":"9/1/2023, 11:41:44 AM","url":"/register"}
{"body":{"email":"kenny@test.com","password":"Password1","re-enterpassword":"Password2","yourName":"Kenny"},"level":"info","method":"POST","params":{"0":"/register"},"service":"user-service","timestamp":"9/1/2023, 11:43:07 AM","url":"/register"}
{"body":{},"level":"info","method":"GET","params":{"0":"/"},"service":"user-service","timestamp":"9/1/2023, 11:43:31 AM","url":"/"}
{"body":{"email":"kenny@test.com","password":"SecretPassword1","re-enterpassword":"SecretPassword23","yourName":"Kenny"},"level":"info","method":"POST","params":{"0":"/register"},"service":"user-service","timestamp":"9/1/2023, 11:47:36 AM","url":"/register"}
{"body":{},"level":"info","method":"GET","params":{"0":"/"},"service":"user-service","timestamp":"9/1/2023, 12:08:01 PM","url":"/"}
{"body":{"email":"kenny@test.com","password":"secretpassword","re-enterpassword":"secretpassword","yourName":"Kenny"},"level":"info","method":"POST","params":{"0":"/register"},"service":"user-service","timestamp":"9/1/2023, 12:08:11 PM","url":"/register"}
{"body":{"email":"kenny@test.com","password":"SecretPassword","re-enterpassword":"SecretPassword","yourName":"Kenny"},"level":"info","method":"POST","params":{"0":"/register"},"service":"user-service","timestamp":"9/1/2023, 12:08:50 PM","url":"/register"}
{"body":{},"level":"info","method":"GET","params":{"0":"/"},"service":"user-service","timestamp":"9/1/2023, 12:12:26 PM","url":"/"}
{"body":{"email":"kenny@test.com","password":"secretpassword","re-enterpassword":"secretpassword","yourName":"Kenny"},"level":"info","method":"POST","params":{"0":"/register"},"service":"user-service","timestamp":"9/1/2023, 12:12:31 PM","url":"/register"}
{"body":{},"level":"info","method":"GET","params":{"0":"/"},"service":"user-service","timestamp":"9/1/2023, 12:14:11 PM","url":"/"}
{"body":{"email":"kenny@test.com","password":"secretpassword","re-enterpassword":"secretpassword","yourName":"Kenny"},"level":"info","method":"POST","params":{"0":"/register"},"service":"user-service","timestamp":"9/1/2023, 12:23:13 PM","url":"/register"}
{"body":{},"level":"info","method":"GET","params":{"0":"/"},"service":"user-service","timestamp":"9/1/2023, 12:36:22 PM","url":"/"}
{"body":{"email":"Ian@test.com","password":"secretpassword","re-enterpassword":"secretpassword","yourName":"Ian"},"level":"info","method":"POST","params":{"0":"/register"},"service":"user-service","timestamp":"9/1/2023, 12:39:09 PM","url":"/register"}
{"body":{"email":"Ian@test.com","password":"secretpassword","re-enterpassword":"secretpassword","yourName":"Ian"},"level":"info","method":"POST","params":{"0":"/register"},"service":"user-service","timestamp":"9/1/2023, 12:41:18 PM","url":"/register"}
{"body":{},"level":"info","method":"GET","params":{"0":"/"},"service":"user-service","timestamp":"9/1/2023, 12:41:23 PM","url":"/"}
{"body":{},"level":"info","method":"GET","params":{"0":"/"},"service":"user-service","timestamp":"9/1/2023, 12:41:54 PM","url":"/"}
{"body":{},"level":"info","method":"GET","params":{"0":"/"},"service":"user-service","timestamp":"9/1/2023, 12:42:20 PM","url":"/"}
{"body":{"email":"Ian@test.com","password":"secretpassword","re-enterpassword":"secretpassword","yourName":"Ian"},"level":"info","method":"POST","params":{"0":"/register"},"service":"user-service","timestamp":"9/1/2023, 12:42:23 PM","url":"/register"}
{"body":{"email":"Jordan@test.com","password":"secretpassword","re-enterpassword":"secretpassword","yourName":"Jordan"},"level":"info","method":"POST","params":{"0":"/register"},"service":"user-service","timestamp":"9/1/2023, 12:44:15 PM","url":"/register"}
{"body":{},"level":"info","method":"GET","params":{"0":"/"},"service":"user-service","timestamp":"9/1/2023, 12:50:12 PM","url":"/"}
{"body":{"email":"Jordan@test.com","password":"secretpassword","re-enterpassword":"secretpassword","yourName":"Jordan"},"level":"info","method":"POST","params":{"0":"/register"},"service":"user-service","timestamp":"9/1/2023, 12:50:16 PM","url":"/register"}
{"body":{"email":"Jordan@test.com","password":"secretpassword","re-enterpassword":"secretpassword","yourName":"Jordan"},"level":"info","method":"POST","params":{"0":"/register"},"service":"user-service","timestamp":"9/1/2023, 12:50:20 PM","url":"/register"}
{"body":{"email":"Jordan@test.com","password":"secretpassword","re-enterpassword":"secretpassword","yourName":"Jordan"},"level":"info","method":"POST","params":{"0":"/register"},"service":"user-service","timestamp":"9/1/2023, 12:50:26 PM","url":"/register"}
{"body":{"email":"Jordan@test.com","password":"secretpassword","re-enterpassword":"secretpassword","yourName":"Jordan"},"level":"info","method":"POST","params":{"0":"/register"},"service":"user-service","timestamp":"9/1/2023, 12:50:43 PM","url":"/register"}
{"body":{"email":"Jordan@test.com","password":"secretpassword","re-enterpassword":"secretpassword","yourName":"Jordan"},"level":"info","method":"POST","params":{"0":"/register"},"service":"user-service","timestamp":"9/1/2023, 12:51:08 PM","url":"/register"}
{"body":{},"level":"info","method":"GET","params":{"0":"/"},"service":"user-service","timestamp":"9/1/2023, 12:51:16 PM","url":"/"}
{"body":{},"level":"info","method":"GET","params":{"0":"/"},"service":"user-service","timestamp":"9/1/2023, 12:51:55 PM","url":"/"}
{"body":{"email":"kenny@test.com","password":"secretpassword","re-enterpassword":"secretpassword","yourName":"Kenny"},"level":"info","method":"POST","params":{"0":"/register"},"service":"user-service","timestamp":"9/1/2023, 12:52:38 PM","url":"/register"}
{"body":{"email":"kenny@test.com","password":"secretpassword","re-enterpassword":"secretpassword","yourName":"Kenny"},"level":"info","method":"POST","params":{"0":"/register"},"service":"user-service","timestamp":"9/1/2023, 12:53:09 PM","url":"/register"}
{"body":{},"level":"info","method":"GET","params":{"0":"/"},"service":"user-service","timestamp":"9/1/2023, 12:53:34 PM","url":"/"}
{"body":{"email":"kenny@test.com","password":"secretpassword","re-enterpassword":"secretpassword","yourName":"Kenny"},"level":"info","method":"POST","params":{"0":"/register"},"service":"user-service","timestamp":"9/1/2023, 12:53:37 PM","url":"/register"}
{"body":{"email":"kenny@test.com","password":"secretpassword","re-enterpassword":"secretpassword","yourName":"Kenny"},"level":"info","method":"POST","params":{"0":"/register"},"service":"user-service","timestamp":"9/1/2023, 12:53:56 PM","url":"/register"}
{"body":{"email":"kenny@test.com","password":"secretpassword","re-enterpassword":"secretpassword","yourName":"Kenny"},"level":"info","method":"POST","params":{"0":"/register"},"service":"user-service","timestamp":"9/1/2023, 12:55:03 PM","url":"/register"}
{"body":{},"level":"info","method":"GET","params":{"0":"/"},"service":"user-service","timestamp":"9/1/2023, 1:01:40 PM","url":"/"}
{"body":{},"level":"info","method":"GET","params":{"0":"/"},"service":"user-service","timestamp":"9/1/2023, 1:04:11 PM","url":"/"}
{"body":{"email":"kenny@test.com","password":"secretpassword","re-enterpassword":"secretpassword","yourName":"Kenny"},"level":"info","method":"POST","params":{"0":"/register"},"service":"user-service","timestamp":"9/1/2023, 1:04:27 PM","url":"/register"}
{"body":{"email":"kenny@test.com","password":"SecretPassword","re-enterpassword":"SecretPassword","yourName":"Kenny"},"level":"info","method":"POST","params":{"0":"/register"},"service":"user-service","timestamp":"9/1/2023, 1:05:02 PM","url":"/register"}
{"body":{"email":"kenny@test.com","password":"secretpassword","re-enterpassword":"secretpassword","yourName":"Kenny"},"level":"info","method":"POST","params":{"0":"/register"},"service":"user-service","timestamp":"9/1/2023, 1:05:03 PM","url":"/register"}
{"body":{"email":"kenny@test.com","password":"secretpassword","re-enterpassword":"secretpassword","yourName":"Kenny"},"level":"info","method":"POST","params":{"0":"/register"},"service":"user-service","timestamp":"9/1/2023, 1:05:03 PM","url":"/register"}
{"body":{"email":"kenny@test.com","password":"secretpassword","re-enterpassword":"secretpassword","yourName":"Kenny"},"level":"info","method":"POST","params":{"0":"/register"},"service":"user-service","timestamp":"9/1/2023, 1:05:03 PM","url":"/register"}
{"body":{},"level":"info","method":"GET","params":{"0":"/"},"service":"user-service","timestamp":"9/1/2023, 1:05:08 PM","url":"/"}
{"body":{"email":"kenny@test.com","password":"123","re-enterpassword":"123","yourName":"Kenny"},"level":"info","method":"POST","params":{"0":"/register"},"service":"user-service","timestamp":"9/1/2023, 1:05:16 PM","url":"/register"}
{"level":"info","method":"GET","params":{"0":"/"},"service":"user-service","timestamp":"9/1/2023, 1:20:30 PM","url":"/"}
{"level":"info","method":"GET","params":{"0":"/style.css"},"service":"user-service","timestamp":"9/1/2023, 1:20:30 PM","url":"/style.css"}
{"level":"info","method":"GET","params":{"0":"/"},"service":"user-service","timestamp":"9/1/2023, 1:20:52 PM","url":"/"}
{"level":"info","method":"GET","params":{"0":"/style.css"},"service":"user-service","timestamp":"9/1/2023, 1:20:52 PM","url":"/style.css"}
{"level":"info","method":"POST","params":{"0":"/register"},"service":"user-service","timestamp":"9/1/2023, 1:21:34 PM","url":"/register"}
{"level":"info","method":"GET","params":{"0":"/style.css"},"service":"user-service","timestamp":"9/1/2023, 1:21:34 PM","url":"/style.css"}
